<?xml version="1.0" encoding="UTF-8"?>
<testsuite name="chessboard.models.places.BoardTest" tests="5" skipped="0" failures="0" errors="0" timestamp="2017-11-20T13:25:38" hostname="UKM0417259B1" time="0.038">
  <properties/>
  <testcase name="hasThirtyTwoWhiteSquares" classname="chessboard.models.places.BoardTest" time="0.036"/>
  <testcase name="hasSixtyFoursquares" classname="chessboard.models.places.BoardTest" time="0.001"/>
  <testcase name="hasThirtyTwoBlackSquares" classname="chessboard.models.places.BoardTest" time="0.001"/>
  <testcase name="hasEightFiles" classname="chessboard.models.places.BoardTest" time="0.0"/>
  <testcase name="hasEightRanks" classname="chessboard.models.places.BoardTest" time="0.0"/>
  <system-out><![CDATA[]]></system-out>
  <system-err><![CDATA[]]></system-err>
</testsuite>
