<?xml version="1.0" encoding="UTF-8"?>
<testsuite name="chessboard.models.places.SquareTest" tests="4" skipped="0" failures="0" errors="0" timestamp="2017-11-20T13:25:38" hostname="UKM0417259B1" time="0.001">
  <properties/>
  <testcase name="oddSquareSecondRankCreatesWithIdHasCorrectColor" classname="chessboard.models.places.SquareTest" time="0.0"/>
  <testcase name="evenSquareCreatesWithIdHasCoordinates" classname="chessboard.models.places.SquareTest" time="0.0"/>
  <testcase name="oddSquareCreatesWithIdHasCoordinates" classname="chessboard.models.places.SquareTest" time="0.0"/>
  <testcase name="evenSquareSecondRankCreatesWithIdHasCorrectColor" classname="chessboard.models.places.SquareTest" time="0.001"/>
  <system-out><![CDATA[]]></system-out>
  <system-err><![CDATA[]]></system-err>
</testsuite>
