<?xml version="1.0" encoding="UTF-8"?>
<testsuite name="chessboard.models.places.RankTest" tests="6" skipped="0" failures="0" errors="0" timestamp="2017-11-20T13:25:38" hostname="UKM0417259B1" time="0.002">
  <properties/>
  <testcase name="rankContainsFourBlackSquares" classname="chessboard.models.places.RankTest" time="0.0"/>
  <testcase name="evenRankIsEven" classname="chessboard.models.places.RankTest" time="0.0"/>
  <testcase name="rankContainsFourWhiteSquares" classname="chessboard.models.places.RankTest" time="0.0"/>
  <testcase name="oddRankIsOdd" classname="chessboard.models.places.RankTest" time="0.0"/>
  <testcase name="rankContainsSquares" classname="chessboard.models.places.RankTest" time="0.0"/>
  <testcase name="zeroRankIsEven" classname="chessboard.models.places.RankTest" time="0.0"/>
  <system-out><![CDATA[]]></system-out>
  <system-err><![CDATA[]]></system-err>
</testsuite>
